<?xml version="1.0" encoding="UTF-8"?>
<coverage generated="1678098400554" clover="3.2.0">
  <project timestamp="1678098400554" name="All files">
    <metrics statements="42" coveredstatements="42" conditionals="20" coveredconditionals="20" methods="24" coveredmethods="24" elements="86" coveredelements="86" complexity="0" loc="42" ncloc="42" packages="1" files="1" classes="1"/>
    <file name="mineswepper.js" path="C:\Users\User\Desktop\mineswepper test project\mineswepper.js">
      <metrics statements="42" coveredstatements="42" conditionals="20" coveredconditionals="20" methods="24" coveredmethods="24"/>
      <line num="3" count="1" type="stmt"/>
      <line num="11" count="1" type="stmt"/>
      <line num="12" count="2" type="stmt"/>
      <line num="13" count="4" type="stmt"/>
      <line num="24" count="3" type="stmt"/>
      <line num="25" count="6" type="stmt"/>
      <line num="26" count="12" type="stmt"/>
      <line num="32" count="4" type="stmt"/>
      <line num="33" count="4" type="cond" truecount="2" falsecount="0"/>
      <line num="37" count="2" type="stmt"/>
      <line num="40" count="2" type="cond" truecount="2" falsecount="0"/>
      <line num="41" count="1" type="stmt"/>
      <line num="47" count="1" type="stmt"/>
      <line num="56" count="12" type="stmt"/>
      <line num="57" count="32" type="stmt"/>
      <line num="58" count="88" type="cond" truecount="2" falsecount="0"/>
      <line num="59" count="12" type="stmt"/>
      <line num="61" count="76" type="stmt"/>
      <line num="67" count="30" type="stmt"/>
      <line num="68" count="30" type="cond" truecount="2" falsecount="0"/>
      <line num="69" count="20" type="stmt"/>
      <line num="72" count="10" type="cond" truecount="2" falsecount="0"/>
      <line num="73" count="1" type="stmt"/>
      <line num="76" count="9" type="stmt"/>
      <line num="77" count="49" type="stmt"/>
      <line num="78" count="9" type="stmt"/>
      <line num="83" count="9" type="cond" truecount="2" falsecount="0"/>
      <line num="84" count="5" type="stmt"/>
      <line num="85" count="24" type="stmt"/>
      <line num="88" count="4" type="stmt"/>
      <line num="92" count="2" type="stmt"/>
      <line num="93" count="4" type="stmt"/>
      <line num="94" count="7" type="stmt"/>
      <line num="105" count="2" type="stmt"/>
      <line num="106" count="3" type="stmt"/>
      <line num="107" count="5" type="stmt"/>
      <line num="113" count="94" type="cond" truecount="2" falsecount="0"/>
      <line num="117" count="9" type="stmt"/>
      <line num="119" count="9" type="stmt"/>
      <line num="121" count="27" type="stmt"/>
      <line num="122" count="81" type="stmt"/>
      <line num="125" count="81" type="stmt"/>
    </file>
  </project>
</coverage>
