{"C:\\Users\\User\\Desktop\\mineswepper test project\\mineswepper.js": {"path":"C:\\Users\\User\\Desktop\\mineswepper test project\\mineswepper.js","statementMap":{"0":{"start":{"line":3,"column":29},"end":{"line":8,"column":1}},"1":{"start":{"line":11,"column":2},"end":{"line":20,"column":15}},"2":{"start":{"line":12,"column":4},"end":{"line":19,"column":17}},"3":{"start":{"line":13,"column":6},"end":{"line":18,"column":7}},"4":{"start":{"line":24,"column":2},"end":{"line":28,"column":7}},"5":{"start":{"line":25,"column":4},"end":{"line":27,"column":5}},"6":{"start":{"line":26,"column":33},"end":{"line":26,"column":69}},"7":{"start":{"line":32,"column":15},"end":{"line":32,"column":26}},"8":{"start":{"line":33,"column":2},"end":{"line":38,"column":3}},"9":{"start":{"line":37,"column":4},"end":{"line":37,"column":16}},"10":{"start":{"line":40,"column":2},"end":{"line":52,"column":3}},"11":{"start":{"line":41,"column":4},"end":{"line":45,"column":5}},"12":{"start":{"line":47,"column":4},"end":{"line":51,"column":5}},"13":{"start":{"line":56,"column":2},"end":{"line":63,"column":4}},"14":{"start":{"line":57,"column":4},"end":{"line":62,"column":6}},"15":{"start":{"line":58,"column":6},"end":{"line":60,"column":7}},"16":{"start":{"line":59,"column":8},"end":{"line":59,"column":22}},"17":{"start":{"line":61,"column":6},"end":{"line":61,"column":17}},"18":{"start":{"line":67,"column":15},"end":{"line":67,"column":26}},"19":{"start":{"line":68,"column":2},"end":{"line":70,"column":3}},"20":{"start":{"line":69,"column":4},"end":{"line":69,"column":16}},"21":{"start":{"line":72,"column":2},"end":{"line":74,"column":3}},"22":{"start":{"line":73,"column":4},"end":{"line":73,"column":80}},"23":{"start":{"line":76,"column":24},"end":{"line":76,"column":48}},"24":{"start":{"line":77,"column":16},"end":{"line":77,"column":49}},"25":{"start":{"line":77,"column":42},"end":{"line":77,"column":48}},"26":{"start":{"line":78,"column":19},"end":{"line":82,"column":3}},"27":{"start":{"line":83,"column":2},"end":{"line":87,"column":3}},"28":{"start":{"line":84,"column":4},"end":{"line":86,"column":16}},"29":{"start":{"line":85,"column":6},"end":{"line":85,"column":29}},"30":{"start":{"line":88,"column":2},"end":{"line":88,"column":17}},"31":{"start":{"line":92,"column":2},"end":{"line":101,"column":4}},"32":{"start":{"line":93,"column":4},"end":{"line":100,"column":6}},"33":{"start":{"line":94,"column":6},"end":{"line":99,"column":7}},"34":{"start":{"line":105,"column":2},"end":{"line":109,"column":4}},"35":{"start":{"line":106,"column":4},"end":{"line":108,"column":6}},"36":{"start":{"line":107,"column":6},"end":{"line":107,"column":47}},"37":{"start":{"line":113,"column":2},"end":{"line":113,"column":35}},"38":{"start":{"line":117,"column":18},"end":{"line":117,"column":30}},"39":{"start":{"line":119,"column":2},"end":{"line":125,"column":33}},"40":{"start":{"line":121,"column":6},"end":{"line":123,"column":8}},"41":{"start":{"line":122,"column":8},"end":{"line":122,"column":48}},"42":{"start":{"line":125,"column":20},"end":{"line":125,"column":32}}},"fnMap":{"0":{"name":"createBoard","decl":{"start":{"line":10,"column":16},"end":{"line":10,"column":27}},"loc":{"start":{"line":10,"column":54},"end":{"line":21,"column":1}},"line":10},"1":{"name":"(anonymous_1)","decl":{"start":{"line":11,"column":15},"end":{"line":11,"column":16}},"loc":{"start":{"line":11,"column":20},"end":{"line":20,"column":3}},"line":11},"2":{"name":"(anonymous_2)","decl":{"start":{"line":12,"column":17},"end":{"line":12,"column":18}},"loc":{"start":{"line":12,"column":22},"end":{"line":19,"column":5}},"line":12},"3":{"name":"markedTilesCount","decl":{"start":{"line":23,"column":16},"end":{"line":23,"column":32}},"loc":{"start":{"line":23,"column":40},"end":{"line":29,"column":1}},"line":23},"4":{"name":"(anonymous_4)","decl":{"start":{"line":24,"column":22},"end":{"line":24,"column":23}},"loc":{"start":{"line":24,"column":38},"end":{"line":28,"column":3}},"line":24},"5":{"name":"(anonymous_5)","decl":{"start":{"line":26,"column":25},"end":{"line":26,"column":26}},"loc":{"start":{"line":26,"column":33},"end":{"line":26,"column":69}},"line":26},"6":{"name":"markTile","decl":{"start":{"line":31,"column":16},"end":{"line":31,"column":24}},"loc":{"start":{"line":31,"column":42},"end":{"line":53,"column":1}},"line":31},"7":{"name":"replaceTile","decl":{"start":{"line":55,"column":9},"end":{"line":55,"column":20}},"loc":{"start":{"line":55,"column":47},"end":{"line":64,"column":1}},"line":55},"8":{"name":"(anonymous_8)","decl":{"start":{"line":56,"column":19},"end":{"line":56,"column":20}},"loc":{"start":{"line":56,"column":31},"end":{"line":63,"column":3}},"line":56},"9":{"name":"(anonymous_9)","decl":{"start":{"line":57,"column":19},"end":{"line":57,"column":20}},"loc":{"start":{"line":57,"column":32},"end":{"line":62,"column":5}},"line":57},"10":{"name":"revealTile","decl":{"start":{"line":66,"column":16},"end":{"line":66,"column":26}},"loc":{"start":{"line":66,"column":44},"end":{"line":89,"column":1}},"line":66},"11":{"name":"(anonymous_11)","decl":{"start":{"line":77,"column":37},"end":{"line":77,"column":38}},"loc":{"start":{"line":77,"column":42},"end":{"line":77,"column":48}},"line":77},"12":{"name":"(anonymous_12)","decl":{"start":{"line":84,"column":32},"end":{"line":84,"column":33}},"loc":{"start":{"line":84,"column":42},"end":{"line":86,"column":5}},"line":84},"13":{"name":"checkWin","decl":{"start":{"line":91,"column":16},"end":{"line":91,"column":24}},"loc":{"start":{"line":91,"column":32},"end":{"line":102,"column":1}},"line":91},"14":{"name":"(anonymous_14)","decl":{"start":{"line":92,"column":21},"end":{"line":92,"column":22}},"loc":{"start":{"line":92,"column":28},"end":{"line":101,"column":3}},"line":92},"15":{"name":"(anonymous_15)","decl":{"start":{"line":93,"column":21},"end":{"line":93,"column":22}},"loc":{"start":{"line":93,"column":29},"end":{"line":100,"column":5}},"line":93},"16":{"name":"checkLose","decl":{"start":{"line":104,"column":16},"end":{"line":104,"column":25}},"loc":{"start":{"line":104,"column":33},"end":{"line":110,"column":1}},"line":104},"17":{"name":"(anonymous_17)","decl":{"start":{"line":105,"column":20},"end":{"line":105,"column":21}},"loc":{"start":{"line":105,"column":27},"end":{"line":109,"column":3}},"line":105},"18":{"name":"(anonymous_18)","decl":{"start":{"line":106,"column":20},"end":{"line":106,"column":21}},"loc":{"start":{"line":106,"column":28},"end":{"line":108,"column":5}},"line":106},"19":{"name":"positionMatch","decl":{"start":{"line":112,"column":16},"end":{"line":112,"column":29}},"loc":{"start":{"line":112,"column":36},"end":{"line":114,"column":1}},"line":112},"20":{"name":"nearbyTiles","decl":{"start":{"line":116,"column":9},"end":{"line":116,"column":20}},"loc":{"start":{"line":116,"column":38},"end":{"line":126,"column":1}},"line":116},"21":{"name":"(anonymous_21)","decl":{"start":{"line":120,"column":13},"end":{"line":120,"column":14}},"loc":{"start":{"line":120,"column":24},"end":{"line":124,"column":5}},"line":120},"22":{"name":"(anonymous_22)","decl":{"start":{"line":121,"column":25},"end":{"line":121,"column":26}},"loc":{"start":{"line":121,"column":36},"end":{"line":123,"column":7}},"line":121},"23":{"name":"(anonymous_23)","decl":{"start":{"line":125,"column":12},"end":{"line":125,"column":13}},"loc":{"start":{"line":125,"column":20},"end":{"line":125,"column":32}},"line":125}},"branchMap":{"0":{"loc":{"start":{"line":33,"column":2},"end":{"line":38,"column":3}},"type":"if","locations":[{"start":{"line":33,"column":2},"end":{"line":38,"column":3}},{"start":{},"end":{}}],"line":33},"1":{"loc":{"start":{"line":34,"column":4},"end":{"line":35,"column":40}},"type":"binary-expr","locations":[{"start":{"line":34,"column":4},"end":{"line":34,"column":40}},{"start":{"line":35,"column":4},"end":{"line":35,"column":40}}],"line":34},"2":{"loc":{"start":{"line":40,"column":2},"end":{"line":52,"column":3}},"type":"if","locations":[{"start":{"line":40,"column":2},"end":{"line":52,"column":3}},{"start":{"line":46,"column":9},"end":{"line":52,"column":3}}],"line":40},"3":{"loc":{"start":{"line":58,"column":6},"end":{"line":60,"column":7}},"type":"if","locations":[{"start":{"line":58,"column":6},"end":{"line":60,"column":7}},{"start":{},"end":{}}],"line":58},"4":{"loc":{"start":{"line":68,"column":2},"end":{"line":70,"column":3}},"type":"if","locations":[{"start":{"line":68,"column":2},"end":{"line":70,"column":3}},{"start":{},"end":{}}],"line":68},"5":{"loc":{"start":{"line":72,"column":2},"end":{"line":74,"column":3}},"type":"if","locations":[{"start":{"line":72,"column":2},"end":{"line":74,"column":3}},{"start":{},"end":{}}],"line":72},"6":{"loc":{"start":{"line":83,"column":2},"end":{"line":87,"column":3}},"type":"if","locations":[{"start":{"line":83,"column":2},"end":{"line":87,"column":3}},{"start":{},"end":{}}],"line":83},"7":{"loc":{"start":{"line":95,"column":8},"end":{"line":98,"column":50}},"type":"binary-expr","locations":[{"start":{"line":95,"column":8},"end":{"line":95,"column":44}},{"start":{"line":96,"column":9},"end":{"line":96,"column":18}},{"start":{"line":97,"column":11},"end":{"line":97,"column":47}},{"start":{"line":98,"column":12},"end":{"line":98,"column":48}}],"line":95},"8":{"loc":{"start":{"line":113,"column":9},"end":{"line":113,"column":35}},"type":"binary-expr","locations":[{"start":{"line":113,"column":9},"end":{"line":113,"column":20}},{"start":{"line":113,"column":24},"end":{"line":113,"column":35}}],"line":113}},"s":{"0":1,"1":1,"2":2,"3":4,"4":3,"5":6,"6":12,"7":4,"8":4,"9":2,"10":2,"11":1,"12":1,"13":12,"14":32,"15":88,"16":12,"17":76,"18":30,"19":30,"20":20,"21":10,"22":1,"23":9,"24":9,"25":49,"26":9,"27":9,"28":5,"29":24,"30":4,"31":0,"32":0,"33":0,"34":0,"35":0,"36":0,"37":92,"38":9,"39":9,"40":27,"41":81,"42":81},"f":{"0":1,"1":2,"2":4,"3":3,"4":6,"5":12,"6":4,"7":12,"8":32,"9":88,"10":30,"11":49,"12":24,"13":0,"14":0,"15":0,"16":0,"17":0,"18":0,"19":92,"20":9,"21":27,"22":81,"23":81},"b":{"0":[2,2],"1":[4,3],"2":[1,1],"3":[12,76],"4":[20,10],"5":[1,9],"6":[5,4],"7":[0,0,0,0],"8":[92,34]},"_coverageSchema":"1a1c01bbd47fc00a2c39e90264f33305004495a9","hash":"54e1e4b2d9512e8fdb7b883d8af9fec52a682133"}
}
