TN:
SF:mineswepper.js
FN:10,createBoard
FN:11,(anonymous_1)
FN:12,(anonymous_2)
FN:23,markedTilesCount
FN:24,(anonymous_4)
FN:26,(anonymous_5)
FN:31,markTile
FN:55,replaceTile
FN:56,(anonymous_8)
FN:57,(anonymous_9)
FN:66,revealTile
FN:77,(anonymous_11)
FN:84,(anonymous_12)
FN:91,checkWin
FN:92,(anonymous_14)
FN:93,(anonymous_15)
FN:104,checkLose
FN:105,(anonymous_17)
FN:106,(anonymous_18)
FN:112,positionMatch
FN:116,nearbyTiles
FN:120,(anonymous_21)
FN:121,(anonymous_22)
FN:125,(anonymous_23)
FNF:24
FNH:24
FNDA:1,createBoard
FNDA:2,(anonymous_1)
FNDA:4,(anonymous_2)
FNDA:3,markedTilesCount
FNDA:6,(anonymous_4)
FNDA:12,(anonymous_5)
FNDA:4,markTile
FNDA:12,replaceTile
FNDA:32,(anonymous_8)
FNDA:88,(anonymous_9)
FNDA:30,revealTile
FNDA:49,(anonymous_11)
FNDA:24,(anonymous_12)
FNDA:2,checkWin
FNDA:4,(anonymous_14)
FNDA:7,(anonymous_15)
FNDA:2,checkLose
FNDA:3,(anonymous_17)
FNDA:5,(anonymous_18)
FNDA:94,positionMatch
FNDA:9,nearbyTiles
FNDA:27,(anonymous_21)
FNDA:81,(anonymous_22)
FNDA:81,(anonymous_23)
DA:3,1
DA:11,1
DA:12,2
DA:13,4
DA:24,3
DA:25,6
DA:26,12
DA:32,4
DA:33,4
DA:37,2
DA:40,2
DA:41,1
DA:47,1
DA:56,12
DA:57,32
DA:58,88
DA:59,12
DA:61,76
DA:67,30
DA:68,30
DA:69,20
DA:72,10
DA:73,1
DA:76,9
DA:77,49
DA:78,9
DA:83,9
DA:84,5
DA:85,24
DA:88,4
DA:92,2
DA:93,4
DA:94,7
DA:105,2
DA:106,3
DA:107,5
DA:113,94
DA:117,9
DA:119,9
DA:121,27
DA:122,81
DA:125,81
LF:42
LH:42
BRDA:33,0,0,2
BRDA:33,0,1,2
BRDA:34,1,0,4
BRDA:34,1,1,3
BRDA:40,2,0,1
BRDA:40,2,1,1
BRDA:58,3,0,12
BRDA:58,3,1,76
BRDA:68,4,0,20
BRDA:68,4,1,10
BRDA:72,5,0,1
BRDA:72,5,1,9
BRDA:83,6,0,5
BRDA:83,6,1,4
BRDA:95,7,0,7
BRDA:95,7,1,5
BRDA:95,7,2,4
BRDA:95,7,3,2
BRDA:113,8,0,94
BRDA:113,8,1,36
BRF:20
BRH:20
end_of_record
