TN:
SF:mineswepper.js
FN:10,createBoard
FN:11,(anonymous_1)
FN:12,(anonymous_2)
FN:23,markedTilesCount
FN:24,(anonymous_4)
FN:26,(anonymous_5)
FN:31,markTile
FN:55,replaceTile
FN:56,(anonymous_8)
FN:57,(anonymous_9)
FN:66,revealTile
FN:77,(anonymous_11)
FN:84,(anonymous_12)
FN:91,checkWin
FN:92,(anonymous_14)
FN:93,(anonymous_15)
FN:104,checkLose
FN:105,(anonymous_17)
FN:106,(anonymous_18)
FN:112,positionMatch
FN:116,nearbyTiles
FN:120,(anonymous_21)
FN:121,(anonymous_22)
FN:125,(anonymous_23)
FNF:24
FNH:11
FNDA:1,createBoard
FNDA:2,(anonymous_1)
FNDA:4,(anonymous_2)
FNDA:3,markedTilesCount
FNDA:6,(anonymous_4)
FNDA:12,(anonymous_5)
FNDA:2,markTile
FNDA:2,replaceTile
FNDA:4,(anonymous_8)
FNDA:8,(anonymous_9)
FNDA:0,revealTile
FNDA:0,(anonymous_11)
FNDA:0,(anonymous_12)
FNDA:0,checkWin
FNDA:0,(anonymous_14)
FNDA:0,(anonymous_15)
FNDA:0,checkLose
FNDA:0,(anonymous_17)
FNDA:0,(anonymous_18)
FNDA:12,positionMatch
FNDA:0,nearbyTiles
FNDA:0,(anonymous_21)
FNDA:0,(anonymous_22)
FNDA:0,(anonymous_23)
DA:3,1
DA:11,1
DA:12,2
DA:13,4
DA:24,3
DA:25,6
DA:26,12
DA:32,2
DA:33,2
DA:37,0
DA:40,2
DA:41,1
DA:47,1
DA:56,2
DA:57,4
DA:58,8
DA:59,2
DA:61,6
DA:67,0
DA:68,0
DA:69,0
DA:72,0
DA:73,0
DA:76,0
DA:77,0
DA:78,0
DA:83,0
DA:84,0
DA:85,0
DA:88,0
DA:92,0
DA:93,0
DA:94,0
DA:105,0
DA:106,0
DA:107,0
DA:113,12
DA:117,0
DA:119,0
DA:121,0
DA:122,0
DA:125,0
LF:42
LH:18
BRDA:33,0,0,0
BRDA:33,0,1,2
BRDA:34,1,0,2
BRDA:34,1,1,1
BRDA:40,2,0,1
BRDA:40,2,1,1
BRDA:58,3,0,2
BRDA:58,3,1,6
BRDA:68,4,0,0
BRDA:68,4,1,0
BRDA:72,5,0,0
BRDA:72,5,1,0
BRDA:83,6,0,0
BRDA:83,6,1,0
BRDA:95,7,0,0
BRDA:95,7,1,0
BRDA:95,7,2,0
BRDA:95,7,3,0
BRDA:113,8,0,12
BRDA:113,8,1,6
BRF:20
BRH:9
end_of_record
